{
  "stats": {
    "suites": 2,
    "tests": 3,
    "passes": 2,
    "pending": 0,
    "failures": 1,
    "start": "2022-08-04T21:18:34.286Z",
    "end": "2022-08-04T21:18:37.612Z",
    "duration": 3326,
    "testsRegistered": 3,
    "passPercent": 66.66666666666666,
    "pendingPercent": 0,
    "other": 0,
    "hasOther": false,
    "skipped": 0,
    "hasSkipped": false
  },
  "results": [
    {
      "uuid": "3d0a9f50-3ed4-4222-b774-9463f9394f47",
      "title": "",
      "fullFile": "",
      "file": "",
      "beforeHooks": [],
      "afterHooks": [],
      "tests": [],
      "suites": [
        {
          "uuid": "70c8206f-5b5e-4a7b-ae6f-02c3926be583",
          "title": "add todo tests",
          "fullFile": "/Users/kellyhodges/Desktop/seleniumDemo/test/mochaTest.js",
          "file": "/test/mochaTest.js",
          "beforeHooks": [],
          "afterHooks": [],
          "tests": [
            {
              "title": "successfully add a todo to app",
              "fullTitle": "add todo tests successfully add a todo to app",
              "timedOut": null,
              "duration": 1849,
              "state": "passed",
              "speed": "slow",
              "pass": true,
              "fail": false,
              "pending": false,
              "context": null,
              "code": "//build new instance of chrome browser\nlet driver = await new Builder().forBrowser('chrome').build();\n//navigate to app\nawait driver.get('https://lambdatest.github.io/sample-todo-app/') //endpoint to navigatge to\n//add a todo (part of the app's test)\nawait driver.findElement(By.id('sampletodotext')).sendKeys('Learn Selenium', Key.RETURN);\n//assert - check if new todo was added\nlet todoText = await driver.findElement(By.xpath('//li[last()]')).getText().then(function(value){\n    return value  //return value from get text and strore it in todoText variable \n});\n\n//assert using chai should:\n//start with value you want to validate\n//todo text should equal learn selenium\ntodoText.should.equal('Learn Selenium') // should show exited with code=1 and browser won't quit and error shows the difference\n//close the browser (best practice to close it when test is finished)\nawait driver.quit();",
              "err": {},
              "uuid": "66c88b8c-ddc8-483c-aca4-9cff9bcd27d2",
              "parentUUID": null,
              "isHook": false,
              "skipped": false
            }
          ],
          "suites": [],
          "passes": [
            "66c88b8c-ddc8-483c-aca4-9cff9bcd27d2"
          ],
          "failures": [],
          "pending": [],
          "skipped": [],
          "duration": 1849,
          "root": false,
          "rootEmpty": false,
          "_timeout": null
        },
        {
          "uuid": "6cc0aaa2-6dc1-45b0-a26a-6ff69ff34b01",
          "title": "add another todo tests",
          "fullFile": "/Users/kellyhodges/Desktop/seleniumDemo/test/secondMochaTest.js",
          "file": "/test/secondMochaTest.js",
          "beforeHooks": [],
          "afterHooks": [],
          "tests": [
            {
              "title": "successfully add another todo to app",
              "fullTitle": "add another todo tests successfully add another todo to app",
              "timedOut": null,
              "duration": 1894,
              "state": "passed",
              "speed": "slow",
              "pass": true,
              "fail": false,
              "pending": false,
              "context": null,
              "code": "//build new instance of chrome browser\nlet driver = await new Builder().forBrowser('chrome').build();\n//navigate to app\nawait driver.get('https://lambdatest.github.io/sample-todo-app/') //endpoint to navigatge to\n//add a todo (part of the app's test)\nawait driver.findElement(By.id('sampletodotext')).sendKeys('Learn Selenium', Key.RETURN);\n//assert - check if new todo was added\nlet todoText = await driver.findElement(By.xpath('//li[last()]')).getText().then(function(value){\n    return value  //return value from get text and strore it in todoText variable \n});\n\n//assert using chai should:\n//start with value you want to validate\n//todo text should equal learn selenium\ntodoText.should.equal('Learn Selenium') // should show exited with code=1 and browser won't quit and error shows the difference\n//close the browser (best practice to close it when test is finished)\nawait driver.quit();",
              "err": {},
              "uuid": "8b0e081c-2ef3-4045-b01d-b41e7f1654d8",
              "parentUUID": null,
              "isHook": false,
              "skipped": false
            },
            {
              "title": "adding a new test for reporting",
              "fullTitle": "add another todo tests adding a new test for reporting",
              "timedOut": null,
              "duration": 1308,
              "state": "failed",
              "speed": null,
              "pass": false,
              "fail": true,
              "pending": false,
              "context": null,
              "code": "//build new instance of chrome browser\nlet driver = await new Builder().forBrowser('chrome').build();\n//navigate to app\nawait driver.get('https://lambdatest.github.io/sample-todo-app/') //endpoint to navigatge to\n//add a todo (part of the app's test)\nawait driver.findElement(By.id('sampletodotext')).sendKeys('Learn Selenium', Key.RETURN);\n//assert - check if new todo was added\nlet todoText = await driver.findElement(By.xpath('//li[last()]')).getText().then(function(value){\n    return value  //return value from get text and strore it in todoText variable \n});\n\n//assert using chai should:\n//start with value you want to validate\n//todo text should equal learn selenium\ntodoText.should.equal('Learn Java') // should show exited with code=1 and browser won't quit and error shows the difference\n//close the browser (best practice to close it when test is finished)\nawait driver.quit();",
              "err": {
                "message": "AssertionError: expected 'Learn Selenium' to equal 'Learn Java'",
                "estack": "AssertionError: expected 'Learn Selenium' to equal 'Learn Java'\n    at Context.<anonymous> (test/secondMochaTest.js:53:25)\n    at processTicksAndRejections (node:internal/process/task_queues:96:5)",
                "diff": "- Learn Selenium\n+ Learn Java\n"
              },
              "uuid": "982548fa-01dd-45c2-84ec-bafb7fe5440a",
              "parentUUID": null,
              "isHook": false,
              "skipped": false
            }
          ],
          "suites": [],
          "passes": [
            "8b0e081c-2ef3-4045-b01d-b41e7f1654d8"
          ],
          "failures": [
            "982548fa-01dd-45c2-84ec-bafb7fe5440a"
          ],
          "pending": [],
          "skipped": [],
          "duration": 3202,
          "root": false,
          "rootEmpty": false,
          "_timeout": null
        }
      ],
      "passes": [],
      "failures": [],
      "pending": [],
      "skipped": [],
      "duration": 0,
      "root": true,
      "rootEmpty": true,
      "_timeout": 0
    }
  ],
  "meta": {
    "mocha": {
      "version": "10.0.0"
    },
    "mochawesome": {
      "options": {
        "quiet": false,
        "reportFilename": "testResults",
        "saveHtml": true,
        "saveJson": true,
        "consoleReporter": "spec",
        "useInlineDiffs": false,
        "code": true
      },
      "version": "7.1.3"
    },
    "marge": {
      "options": {
        "reportDir": "/Users/kellyhodges/Desktop/seleniumDemo/testReports",
        "reportFilename": "testResults"
      },
      "version": "6.2.0"
    }
  }
}